e:\qt\zpserver-master\zoompipeline_funcsvr\win32\debug\databaseresource.obj
e:\qt\zpserver-master\zoompipeline_funcsvr\win32\debug\main.obj
e:\qt\zpserver-master\zoompipeline_funcsvr\win32\debug\st_clientnode_app_imp.obj
e:\qt\zpserver-master\zoompipeline_funcsvr\win32\debug\st_clientnode_basetrans.obj
e:\qt\zpserver-master\zoompipeline_funcsvr\win32\debug\st_logger.obj
e:\qt\zpserver-master\zoompipeline_funcsvr\win32\debug\zp_clusternode.obj
e:\qt\zpserver-master\zoompipeline_funcsvr\win32\debug\zp_net_threadpool.obj
e:\qt\zpserver-master\zoompipeline_funcsvr\win32\debug\zp_pipeline.obj
e:\qt\zpserver-master\zoompipeline_funcsvr\win32\debug\zp_pltaskbase.obj
e:\qt\zpserver-master\zoompipeline_funcsvr\win32\debug\zp_tcpserver.obj
e:\qt\zpserver-master\zoompipeline_funcsvr\win32\debug\zoompipeline_funcsvr_plugin_import.obj
e:\qt\zpserver-master\zoompipeline_funcsvr\win32\debug\qrc_resource.obj
e:\qt\zpserver-master\zoompipeline_funcsvr\win32\debug\moc_databaseresource.obj
e:\qt\zpserver-master\zoompipeline_funcsvr\win32\debug\moc_st_client_table.obj
e:\qt\zpserver-master\zoompipeline_funcsvr\win32\debug\moc_st_clientnode_basetrans.obj
e:\qt\zpserver-master\zoompipeline_funcsvr\win32\debug\moc_st_logger.obj
e:\qt\zpserver-master\zoompipeline_funcsvr\win32\debug\moc_zp_clusterterm.obj
e:\qt\zpserver-master\zoompipeline_funcsvr\win32\debug\moc_zp_netlistenthread.obj
e:\qt\zpserver-master\zoompipeline_funcsvr\win32\debug\moc_zp_pipeline.obj
e:\qt\zpserver-master\zoompipeline_funcsvr\win32\debug\moc_zp_plworkingthread.obj
e:\qt\zpserver-master\zoompipeline_funcsvr\win32\debug\moc_zpmainframe.obj
e:\qt\zpserver-master\zoompipeline_funcsvr\win32\debug\dialogaddressinput.obj
e:\qt\zpserver-master\zoompipeline_funcsvr\win32\debug\st_client_table.obj
e:\qt\zpserver-master\zoompipeline_funcsvr\win32\debug\st_clientnode_applayer.obj
e:\qt\zpserver-master\zoompipeline_funcsvr\win32\debug\st_cross_svr_node.obj
e:\qt\zpserver-master\zoompipeline_funcsvr\win32\debug\zp_clusterterm.obj
e:\qt\zpserver-master\zoompipeline_funcsvr\win32\debug\zp_netlistenthread.obj
e:\qt\zpserver-master\zoompipeline_funcsvr\win32\debug\zp_nettransthread.obj
e:\qt\zpserver-master\zoompipeline_funcsvr\win32\debug\zp_plworkingthread.obj
e:\qt\zpserver-master\zoompipeline_funcsvr\win32\debug\zpmainframe.obj
e:\qt\zpserver-master\zoompipeline_funcsvr\win32\debug\moc_dialogaddressinput.obj
e:\qt\zpserver-master\zoompipeline_funcsvr\win32\debug\moc_st_clientnode_applayer.obj
e:\qt\zpserver-master\zoompipeline_funcsvr\win32\debug\moc_st_cross_svr_node.obj
e:\qt\zpserver-master\zoompipeline_funcsvr\win32\debug\moc_zp_clusternode.obj
e:\qt\zpserver-master\zoompipeline_funcsvr\win32\debug\moc_zp_net_threadpool.obj
e:\qt\zpserver-master\zoompipeline_funcsvr\win32\debug\moc_zp_nettransthread.obj
e:\qt\zpserver-master\zoompipeline_funcsvr\win32\debug\moc_zp_pltaskbase.obj
e:\qt\zpserver-master\zoompipeline_funcsvr\win32\debug\moc_zp_tcpserver.obj
e:\qt\zpserver-master\zoompipeline_funcsvr\win32\debug\vc140.pdb
e:\qt\zpserver-master\zoompipeline_funcsvr\win32\debug\http_parser.obj
e:\qt\zpserver-master\zoompipeline_funcsvr\debug\moc_predefs.h
e:\qt\zpserver-master\zoompipeline_funcsvr\debug\zoompipeline_funcsvr.ilk
e:\qt\zpserver-master\zoompipeline_funcsvr\debug\zoompipeline_funcsvr.exe
e:\qt\zpserver-master\zoompipeline_funcsvr\debug\zoompipeline_funcsvr.pdb
e:\qt\zpserver-master\zoompipeline_funcsvr\debug\moc_databaseresource.cpp
e:\qt\zpserver-master\zoompipeline_funcsvr\debug\moc_dialogaddressinput.cpp
e:\qt\zpserver-master\zoompipeline_funcsvr\debug\moc_st_client_table.cpp
e:\qt\zpserver-master\zoompipeline_funcsvr\debug\moc_st_clientnode_applayer.cpp
e:\qt\zpserver-master\zoompipeline_funcsvr\debug\moc_st_clientnode_basetrans.cpp
e:\qt\zpserver-master\zoompipeline_funcsvr\debug\moc_st_cross_svr_node.cpp
e:\qt\zpserver-master\zoompipeline_funcsvr\debug\moc_st_logger.cpp
e:\qt\zpserver-master\zoompipeline_funcsvr\debug\moc_zp_clusternode.cpp
e:\qt\zpserver-master\zoompipeline_funcsvr\debug\moc_zp_clusterterm.cpp
e:\qt\zpserver-master\zoompipeline_funcsvr\debug\moc_zp_net_threadpool.cpp
e:\qt\zpserver-master\zoompipeline_funcsvr\debug\moc_zp_netlistenthread.cpp
e:\qt\zpserver-master\zoompipeline_funcsvr\debug\moc_zp_nettransthread.cpp
e:\qt\zpserver-master\zoompipeline_funcsvr\debug\moc_zp_pipeline.cpp
e:\qt\zpserver-master\zoompipeline_funcsvr\debug\moc_zp_pltaskbase.cpp
e:\qt\zpserver-master\zoompipeline_funcsvr\debug\moc_zp_plworkingthread.cpp
e:\qt\zpserver-master\zoompipeline_funcsvr\debug\moc_zp_tcpserver.cpp
e:\qt\zpserver-master\zoompipeline_funcsvr\debug\moc_zpmainframe.cpp
e:\qt\zpserver-master\zoompipeline_funcsvr\debug\qrc_resource.cpp
e:\qt\zpserver-master\zoompipeline_funcsvr\ui_dialogaddressinput.h
e:\qt\zpserver-master\zoompipeline_funcsvr\ui_zpmainframe.h
e:\qt\zpserver-master\zoompipeline_funcsvr\win32\debug\zoompipe.117aa109.tlog\cl.command.1.tlog
e:\qt\zpserver-master\zoompipeline_funcsvr\win32\debug\zoompipe.117aa109.tlog\cl.read.1.tlog
e:\qt\zpserver-master\zoompipeline_funcsvr\win32\debug\zoompipe.117aa109.tlog\cl.write.1.tlog
e:\qt\zpserver-master\zoompipeline_funcsvr\win32\debug\zoompipe.117aa109.tlog\custombuild.command.1.tlog
e:\qt\zpserver-master\zoompipeline_funcsvr\win32\debug\zoompipe.117aa109.tlog\custombuild.read.1.tlog
e:\qt\zpserver-master\zoompipeline_funcsvr\win32\debug\zoompipe.117aa109.tlog\custombuild.write.1.tlog
e:\qt\zpserver-master\zoompipeline_funcsvr\win32\debug\zoompipe.117aa109.tlog\link.command.1.tlog
e:\qt\zpserver-master\zoompipeline_funcsvr\win32\debug\zoompipe.117aa109.tlog\link.read.1.tlog
e:\qt\zpserver-master\zoompipeline_funcsvr\win32\debug\zoompipe.117aa109.tlog\link.write.1.tlog
e:\qt\zpserver-master\zoompipeline_funcsvr\win32\debug\zoompipe.117aa109.tlog\moc.read.1u.tlog
e:\qt\zpserver-master\zoompipeline_funcsvr\win32\debug\zoompipe.117aa109.tlog\moc.write.1u.tlog
e:\qt\zpserver-master\zoompipeline_funcsvr\win32\debug\zoompipe.117aa109.tlog\rcc.read.1u.tlog
e:\qt\zpserver-master\zoompipeline_funcsvr\win32\debug\zoompipe.117aa109.tlog\rcc.write.1u.tlog
e:\qt\zpserver-master\zoompipeline_funcsvr\win32\debug\zoompipe.117aa109.tlog\uic.read.1u.tlog
e:\qt\zpserver-master\zoompipeline_funcsvr\win32\debug\zoompipe.117aa109.tlog\uic.write.1u.tlog
e:\qt\zpserver-master\zoompipeline_funcsvr\win32\debug\zoompipe.117aa109.tlog\zoompipeline_funcsvr.write.1u.tlog
